execve("./hello", ["./hello"], 0x7ffe6fea7880 /* 26 vars */) = 0
brk(NULL)                               = 0x560614575000
mmap(NULL, 8192, PROT_READ|PROT_WRITE, MAP_PRIVATE|MAP_ANONYMOUS, -1, 0) = 0x7f6acca5d000
access("/etc/ld.so.preload", R_OK)      = -1 ENOENT (No such file or directory)
openat(AT_FDCWD, "/etc/ld.so.cache", O_RDONLY|O_CLOEXEC) = 3
fstat(3, {st_mode=S_IFREG|0644, st_size=20067, ...}) = 0
mmap(NULL, 20067, PROT_READ, MAP_PRIVATE, 3, 0) = 0x7f6acca58000
close(3)                                = 0
openat(AT_FDCWD, "/lib/x86_64-linux-gnu/libc.so.6", O_RDONLY|O_CLOEXEC) = 3
read(3, "\177ELF\2\1\1\3\0\0\0\0\0\0\0\0\3\0>\0\1\0\0\0\220\243\2\0\0\0\0\0"..., 832) = 832
pread64(3, "\6\0\0\0\4\0\0\0@\0\0\0\0\0\0\0@\0\0\0\0\0\0\0@\0\0\0\0\0\0\0"..., 784, 64) = 784
fstat(3, {st_mode=S_IFREG|0755, st_size=2125328, ...}) = 0
pread64(3, "\6\0\0\0\4\0\0\0@\0\0\0\0\0\0\0@\0\0\0\0\0\0\0@\0\0\0\0\0\0\0"..., 784, 64) = 784
mmap(NULL, 2170256, PROT_READ, MAP_PRIVATE|MAP_DENYWRITE, 3, 0) = 0x7f6acc846000
mmap(0x7f6acc86e000, 1605632, PROT_READ|PROT_EXEC, MAP_PRIVATE|MAP_FIXED|MAP_DENYWRITE, 3, 0x28000) = 0x7f6acc86e000
mmap(0x7f6acc9f6000, 323584, PROT_READ, MAP_PRIVATE|MAP_FIXED|MAP_DENYWRITE, 3, 0x1b0000) = 0x7f6acc9f6000
mmap(0x7f6acca45000, 24576, PROT_READ|PROT_WRITE, MAP_PRIVATE|MAP_FIXED|MAP_DENYWRITE, 3, 0x1fe000) = 0x7f6acca45000
mmap(0x7f6acca4b000, 52624, PROT_READ|PROT_WRITE, MAP_PRIVATE|MAP_FIXED|MAP_ANONYMOUS, -1, 0) = 0x7f6acca4b000
close(3)                                = 0
mmap(NULL, 12288, PROT_READ|PROT_WRITE, MAP_PRIVATE|MAP_ANONYMOUS, -1, 0) = 0x7f6acc843000
arch_prctl(ARCH_SET_FS, 0x7f6acc843740) = 0
set_tid_address(0x7f6acc843a10)         = 1190
set_robust_list(0x7f6acc843a20, 24)     = 0
rseq(0x7f6acc844060, 0x20, 0, 0x53053053) = 0
mprotect(0x7f6acca45000, 16384, PROT_READ) = 0
mprotect(0x5605e372e000, 4096, PROT_READ) = 0
mprotect(0x7f6acca95000, 8192, PROT_READ) = 0
prlimit64(0, RLIMIT_STACK, NULL, {rlim_cur=8192*1024, rlim_max=RLIM64_INFINITY}) = 0
munmap(0x7f6acca58000, 20067)           = 0
fstat(1, {st_mode=S_IFCHR|0600, st_rdev=makedev(0x88, 0), ...}) = 0
getrandom("\xa8\x33\x9b\x9f\xb9\x12\x55\x25", 8, GRND_NONBLOCK) = 8
brk(NULL)                               = 0x560614575000
brk(0x560614596000)                     = 0x560614596000
write(1, "hello world\n", 12)           = 12
exit_group(0)                           = ?
+++ exited with 0 +++
